[24-Mar-2019 02:54:23 UTC] PHP Warning:  Use of undefined constant str - assumed 'str' (this will throw an Error in a future version of PHP) in /Applications/MAMP/htdocs/phpcheek2/index.php on line 7
[24-Mar-2019 02:54:23 UTC] PHP Notice:  Undefined variable: atr in /Applications/MAMP/htdocs/phpcheek2/index.php on line 20
[24-Mar-2019 02:54:23 UTC] PHP Warning:  Use of undefined constant str - assumed 'str' (this will throw an Error in a future version of PHP) in /Applications/MAMP/htdocs/phpcheek2/index.php on line 7
[24-Mar-2019 02:54:23 UTC] PHP Notice:  Undefined variable: atr in /Applications/MAMP/htdocs/phpcheek2/index.php on line 20
[24-Mar-2019 02:54:24 UTC] PHP Warning:  Use of undefined constant str - assumed 'str' (this will throw an Error in a future version of PHP) in /Applications/MAMP/htdocs/phpcheek2/index.php on line 7
[24-Mar-2019 02:54:24 UTC] PHP Notice:  Undefined variable: atr in /Applications/MAMP/htdocs/phpcheek2/index.php on line 20
[24-Mar-2019 02:54:24 UTC] PHP Warning:  Use of undefined constant str - assumed 'str' (this will throw an Error in a future version of PHP) in /Applications/MAMP/htdocs/phpcheek2/index.php on line 7
[24-Mar-2019 02:54:24 UTC] PHP Notice:  Undefined variable: atr in /Applications/MAMP/htdocs/phpcheek2/index.php on line 20
[24-Mar-2019 02:54:24 UTC] PHP Warning:  Use of undefined constant str - assumed 'str' (this will throw an Error in a future version of PHP) in /Applications/MAMP/htdocs/phpcheek2/index.php on line 7
[24-Mar-2019 02:54:24 UTC] PHP Notice:  Undefined variable: atr in /Applications/MAMP/htdocs/phpcheek2/index.php on line 20
[24-Mar-2019 02:57:11 UTC] PHP Warning:  Use of undefined constant str - assumed 'str' (this will throw an Error in a future version of PHP) in /Applications/MAMP/htdocs/phpcheek2/index.php on line 6
[24-Mar-2019 02:57:11 UTC] PHP Warning:  Use of undefined constant str - assumed 'str' (this will throw an Error in a future version of PHP) in /Applications/MAMP/htdocs/phpcheek2/index.php on line 11
[24-Mar-2019 02:57:11 UTC] PHP Warning:  Use of undefined constant str - assumed 'str' (this will throw an Error in a future version of PHP) in /Applications/MAMP/htdocs/phpcheek2/index.php on line 16
[24-Mar-2019 02:57:11 UTC] PHP Notice:  Undefined variable: atr in /Applications/MAMP/htdocs/phpcheek2/index.php on line 23
[24-Mar-2019 02:57:12 UTC] PHP Warning:  Use of undefined constant str - assumed 'str' (this will throw an Error in a future version of PHP) in /Applications/MAMP/htdocs/phpcheek2/index.php on line 6
[24-Mar-2019 02:57:12 UTC] PHP Warning:  Use of undefined constant str - assumed 'str' (this will throw an Error in a future version of PHP) in /Applications/MAMP/htdocs/phpcheek2/index.php on line 11
[24-Mar-2019 02:57:12 UTC] PHP Warning:  Use of undefined constant str - assumed 'str' (this will throw an Error in a future version of PHP) in /Applications/MAMP/htdocs/phpcheek2/index.php on line 16
[24-Mar-2019 02:57:12 UTC] PHP Notice:  Undefined variable: atr in /Applications/MAMP/htdocs/phpcheek2/index.php on line 23
[24-Mar-2019 02:57:12 UTC] PHP Warning:  Use of undefined constant str - assumed 'str' (this will throw an Error in a future version of PHP) in /Applications/MAMP/htdocs/phpcheek2/index.php on line 6
[24-Mar-2019 02:57:12 UTC] PHP Warning:  Use of undefined constant str - assumed 'str' (this will throw an Error in a future version of PHP) in /Applications/MAMP/htdocs/phpcheek2/index.php on line 11
[24-Mar-2019 02:57:12 UTC] PHP Warning:  Use of undefined constant str - assumed 'str' (this will throw an Error in a future version of PHP) in /Applications/MAMP/htdocs/phpcheek2/index.php on line 16
[24-Mar-2019 02:57:12 UTC] PHP Notice:  Undefined variable: atr in /Applications/MAMP/htdocs/phpcheek2/index.php on line 23
[24-Mar-2019 03:04:51 UTC] PHP Notice:  Undefined variable: atr in /Applications/MAMP/htdocs/phpcheek2/index.php on line 20
[24-Mar-2019 03:04:52 UTC] PHP Notice:  Undefined variable: atr in /Applications/MAMP/htdocs/phpcheek2/index.php on line 20
[24-Mar-2019 03:04:52 UTC] PHP Notice:  Undefined variable: atr in /Applications/MAMP/htdocs/phpcheek2/index.php on line 20
[24-Mar-2019 03:04:52 UTC] PHP Notice:  Undefined variable: atr in /Applications/MAMP/htdocs/phpcheek2/index.php on line 20
[24-Mar-2019 03:04:52 UTC] PHP Notice:  Undefined variable: atr in /Applications/MAMP/htdocs/phpcheek2/index.php on line 20
[24-Mar-2019 03:05:51 UTC] PHP Notice:  Undefined variable: atr in /Applications/MAMP/htdocs/phpcheek2/index.php on line 20
[24-Mar-2019 03:05:51 UTC] PHP Notice:  Undefined variable: atr in /Applications/MAMP/htdocs/phpcheek2/index.php on line 20
[24-Mar-2019 03:05:52 UTC] PHP Notice:  Undefined variable: atr in /Applications/MAMP/htdocs/phpcheek2/index.php on line 20
[24-Mar-2019 03:05:52 UTC] PHP Notice:  Undefined variable: atr in /Applications/MAMP/htdocs/phpcheek2/index.php on line 20
[24-Mar-2019 03:05:52 UTC] PHP Notice:  Undefined variable: atr in /Applications/MAMP/htdocs/phpcheek2/index.php on line 20
[24-Mar-2019 03:06:04 UTC] PHP Notice:  Undefined variable: atr in /Applications/MAMP/htdocs/phpcheek2/index.php on line 20
[24-Mar-2019 03:06:04 UTC] PHP Warning:  Use of undefined constant str - assumed 'str' (this will throw an Error in a future version of PHP) in /Applications/MAMP/htdocs/phpcheek2/index.php on line 21
[24-Mar-2019 03:06:05 UTC] PHP Notice:  Undefined variable: atr in /Applications/MAMP/htdocs/phpcheek2/index.php on line 20
[24-Mar-2019 03:06:05 UTC] PHP Warning:  Use of undefined constant str - assumed 'str' (this will throw an Error in a future version of PHP) in /Applications/MAMP/htdocs/phpcheek2/index.php on line 21
[24-Mar-2019 03:06:05 UTC] PHP Notice:  Undefined variable: atr in /Applications/MAMP/htdocs/phpcheek2/index.php on line 20
[24-Mar-2019 03:06:05 UTC] PHP Warning:  Use of undefined constant str - assumed 'str' (this will throw an Error in a future version of PHP) in /Applications/MAMP/htdocs/phpcheek2/index.php on line 21
[24-Mar-2019 03:06:05 UTC] PHP Notice:  Undefined variable: atr in /Applications/MAMP/htdocs/phpcheek2/index.php on line 20
[24-Mar-2019 03:06:05 UTC] PHP Warning:  Use of undefined constant str - assumed 'str' (this will throw an Error in a future version of PHP) in /Applications/MAMP/htdocs/phpcheek2/index.php on line 21
[24-Mar-2019 03:06:05 UTC] PHP Notice:  Undefined variable: atr in /Applications/MAMP/htdocs/phpcheek2/index.php on line 20
[24-Mar-2019 03:06:05 UTC] PHP Warning:  Use of undefined constant str - assumed 'str' (this will throw an Error in a future version of PHP) in /Applications/MAMP/htdocs/phpcheek2/index.php on line 21
[24-Mar-2019 03:06:05 UTC] PHP Notice:  Undefined variable: atr in /Applications/MAMP/htdocs/phpcheek2/index.php on line 20
[24-Mar-2019 03:06:05 UTC] PHP Warning:  Use of undefined constant str - assumed 'str' (this will throw an Error in a future version of PHP) in /Applications/MAMP/htdocs/phpcheek2/index.php on line 21
[24-Mar-2019 03:06:05 UTC] PHP Notice:  Undefined variable: atr in /Applications/MAMP/htdocs/phpcheek2/index.php on line 20
[24-Mar-2019 03:06:05 UTC] PHP Warning:  Use of undefined constant str - assumed 'str' (this will throw an Error in a future version of PHP) in /Applications/MAMP/htdocs/phpcheek2/index.php on line 21
[24-Mar-2019 03:06:06 UTC] PHP Notice:  Undefined variable: atr in /Applications/MAMP/htdocs/phpcheek2/index.php on line 20
[24-Mar-2019 03:06:06 UTC] PHP Warning:  Use of undefined constant str - assumed 'str' (this will throw an Error in a future version of PHP) in /Applications/MAMP/htdocs/phpcheek2/index.php on line 21
[24-Mar-2019 03:07:36 UTC] PHP Warning:  Use of undefined constant str - assumed 'str' (this will throw an Error in a future version of PHP) in /Applications/MAMP/htdocs/phpcheek2/index.php on line 20
[24-Mar-2019 03:07:37 UTC] PHP Warning:  Use of undefined constant str - assumed 'str' (this will throw an Error in a future version of PHP) in /Applications/MAMP/htdocs/phpcheek2/index.php on line 20
[24-Mar-2019 03:07:37 UTC] PHP Warning:  Use of undefined constant str - assumed 'str' (this will throw an Error in a future version of PHP) in /Applications/MAMP/htdocs/phpcheek2/index.php on line 20
[24-Mar-2019 03:07:37 UTC] PHP Warning:  Use of undefined constant str - assumed 'str' (this will throw an Error in a future version of PHP) in /Applications/MAMP/htdocs/phpcheek2/index.php on line 20
[24-Mar-2019 03:07:37 UTC] PHP Warning:  Use of undefined constant str - assumed 'str' (this will throw an Error in a future version of PHP) in /Applications/MAMP/htdocs/phpcheek2/index.php on line 20
[24-Mar-2019 03:07:37 UTC] PHP Warning:  Use of undefined constant str - assumed 'str' (this will throw an Error in a future version of PHP) in /Applications/MAMP/htdocs/phpcheek2/index.php on line 20
[24-Mar-2019 03:07:38 UTC] PHP Warning:  Use of undefined constant str - assumed 'str' (this will throw an Error in a future version of PHP) in /Applications/MAMP/htdocs/phpcheek2/index.php on line 20
[24-Mar-2019 03:07:38 UTC] PHP Warning:  Use of undefined constant str - assumed 'str' (this will throw an Error in a future version of PHP) in /Applications/MAMP/htdocs/phpcheek2/index.php on line 20
[24-Mar-2019 03:07:38 UTC] PHP Warning:  Use of undefined constant str - assumed 'str' (this will throw an Error in a future version of PHP) in /Applications/MAMP/htdocs/phpcheek2/index.php on line 20
[24-Mar-2019 03:14:36 UTC] PHP Notice:  Undefined variable: atr in /Applications/MAMP/htdocs/phpcheek2/index.php on line 20
[24-Mar-2019 03:14:36 UTC] PHP Warning:  Use of undefined constant str - assumed 'str' (this will throw an Error in a future version of PHP) in /Applications/MAMP/htdocs/phpcheek2/index.php on line 22
[24-Mar-2019 03:14:37 UTC] PHP Notice:  Undefined variable: atr in /Applications/MAMP/htdocs/phpcheek2/index.php on line 20
[24-Mar-2019 03:14:37 UTC] PHP Warning:  Use of undefined constant str - assumed 'str' (this will throw an Error in a future version of PHP) in /Applications/MAMP/htdocs/phpcheek2/index.php on line 22
[24-Mar-2019 03:14:37 UTC] PHP Notice:  Undefined variable: atr in /Applications/MAMP/htdocs/phpcheek2/index.php on line 20
[24-Mar-2019 03:14:37 UTC] PHP Warning:  Use of undefined constant str - assumed 'str' (this will throw an Error in a future version of PHP) in /Applications/MAMP/htdocs/phpcheek2/index.php on line 22
[24-Mar-2019 03:14:44 UTC] PHP Notice:  Undefined variable: atr in /Applications/MAMP/htdocs/phpcheek2/index.php on line 20
[24-Mar-2019 03:14:44 UTC] PHP Notice:  Undefined variable: atr in /Applications/MAMP/htdocs/phpcheek2/index.php on line 20
[24-Mar-2019 03:14:44 UTC] PHP Notice:  Undefined variable: atr in /Applications/MAMP/htdocs/phpcheek2/index.php on line 20
[24-Mar-2019 03:14:44 UTC] PHP Notice:  Undefined variable: atr in /Applications/MAMP/htdocs/phpcheek2/index.php on line 20
[24-Mar-2019 03:17:56 UTC] PHP Notice:  Undefined variable: atr in /Applications/MAMP/htdocs/phpcheek2/index.php on line 20
[24-Mar-2019 03:17:57 UTC] PHP Notice:  Undefined variable: atr in /Applications/MAMP/htdocs/phpcheek2/index.php on line 20
[24-Mar-2019 03:17:57 UTC] PHP Notice:  Undefined variable: atr in /Applications/MAMP/htdocs/phpcheek2/index.php on line 20
[24-Mar-2019 03:31:21 UTC] PHP Notice:  Undefined variable: atr in /Applications/MAMP/htdocs/phpcheek2/index.php on line 30
[24-Mar-2019 03:31:22 UTC] PHP Notice:  Undefined variable: atr in /Applications/MAMP/htdocs/phpcheek2/index.php on line 30
[24-Mar-2019 03:31:22 UTC] PHP Notice:  Undefined variable: atr in /Applications/MAMP/htdocs/phpcheek2/index.php on line 30
[24-Mar-2019 03:31:22 UTC] PHP Notice:  Undefined variable: atr in /Applications/MAMP/htdocs/phpcheek2/index.php on line 30
[24-Mar-2019 03:31:22 UTC] PHP Notice:  Undefined variable: atr in /Applications/MAMP/htdocs/phpcheek2/index.php on line 30
[29-Mar-2019 09:29:40 UTC] PHP Parse error:  syntax error, unexpected end of file in /Applications/MAMP/htdocs/sample2/index.php on line 177
[29-Mar-2019 09:30:03 UTC] PHP Parse error:  syntax error, unexpected end of file in /Applications/MAMP/htdocs/sample2/index.php on line 177
[29-Mar-2019 09:30:22 UTC] PHP Parse error:  syntax error, unexpected end of file in /Applications/MAMP/htdocs/sample2/index.php on line 177
[29-Mar-2019 09:30:58 UTC] PHP Parse error:  syntax error, unexpected end of file in /Applications/MAMP/htdocs/sample2/index.php on line 177
[29-Mar-2019 09:31:00 UTC] PHP Parse error:  syntax error, unexpected end of file in /Applications/MAMP/htdocs/sample2/index.php on line 177
[29-Mar-2019 09:31:01 UTC] PHP Parse error:  syntax error, unexpected end of file in /Applications/MAMP/htdocs/sample2/index.php on line 177
[29-Mar-2019 09:31:01 UTC] PHP Parse error:  syntax error, unexpected end of file in /Applications/MAMP/htdocs/sample2/index.php on line 177
[29-Mar-2019 09:31:07 UTC] PHP Parse error:  syntax error, unexpected end of file in /Applications/MAMP/htdocs/sample2/index.php on line 177
[29-Mar-2019 09:31:14 UTC] PHP Parse error:  syntax error, unexpected end of file in /Applications/MAMP/htdocs/sample2/index.php on line 177
[29-Mar-2019 09:31:15 UTC] PHP Parse error:  syntax error, unexpected end of file in /Applications/MAMP/htdocs/sample2/index.php on line 177
[29-Mar-2019 09:31:15 UTC] PHP Parse error:  syntax error, unexpected end of file in /Applications/MAMP/htdocs/sample2/index.php on line 177
[29-Mar-2019 09:31:15 UTC] PHP Parse error:  syntax error, unexpected end of file in /Applications/MAMP/htdocs/sample2/index.php on line 177
[29-Mar-2019 09:31:16 UTC] PHP Parse error:  syntax error, unexpected end of file in /Applications/MAMP/htdocs/sample2/index.php on line 177
[29-Mar-2019 09:31:16 UTC] PHP Parse error:  syntax error, unexpected end of file in /Applications/MAMP/htdocs/sample2/index.php on line 177
[29-Mar-2019 09:31:16 UTC] PHP Parse error:  syntax error, unexpected end of file in /Applications/MAMP/htdocs/sample2/index.php on line 177
[29-Mar-2019 09:31:16 UTC] PHP Parse error:  syntax error, unexpected end of file in /Applications/MAMP/htdocs/sample2/index.php on line 177
[29-Mar-2019 09:32:28 UTC] PHP Parse error:  syntax error, unexpected end of file in /Applications/MAMP/htdocs/sample2/index.php on line 177
[29-Mar-2019 09:32:29 UTC] PHP Parse error:  syntax error, unexpected end of file in /Applications/MAMP/htdocs/sample2/index.php on line 177
[29-Mar-2019 09:32:29 UTC] PHP Parse error:  syntax error, unexpected end of file in /Applications/MAMP/htdocs/sample2/index.php on line 177
[29-Mar-2019 09:32:29 UTC] PHP Parse error:  syntax error, unexpected end of file in /Applications/MAMP/htdocs/sample2/index.php on line 177
[29-Mar-2019 09:32:29 UTC] PHP Parse error:  syntax error, unexpected end of file in /Applications/MAMP/htdocs/sample2/index.php on line 177
[29-Mar-2019 09:32:30 UTC] PHP Parse error:  syntax error, unexpected end of file in /Applications/MAMP/htdocs/sample2/index.php on line 177
[29-Mar-2019 09:32:30 UTC] PHP Parse error:  syntax error, unexpected end of file in /Applications/MAMP/htdocs/sample2/index.php on line 177
[29-Mar-2019 09:32:30 UTC] PHP Parse error:  syntax error, unexpected end of file in /Applications/MAMP/htdocs/sample2/index.php on line 177
[29-Mar-2019 09:32:30 UTC] PHP Parse error:  syntax error, unexpected end of file in /Applications/MAMP/htdocs/sample2/index.php on line 177
[29-Mar-2019 09:32:34 UTC] PHP Parse error:  syntax error, unexpected end of file in /Applications/MAMP/htdocs/sample2/index.php on line 177
[29-Mar-2019 09:32:34 UTC] PHP Parse error:  syntax error, unexpected end of file in /Applications/MAMP/htdocs/sample2/index.php on line 177
[29-Mar-2019 09:32:34 UTC] PHP Parse error:  syntax error, unexpected end of file in /Applications/MAMP/htdocs/sample2/index.php on line 177
[29-Mar-2019 09:32:34 UTC] PHP Parse error:  syntax error, unexpected end of file in /Applications/MAMP/htdocs/sample2/index.php on line 177
[29-Mar-2019 09:32:35 UTC] PHP Parse error:  syntax error, unexpected end of file in /Applications/MAMP/htdocs/sample2/index.php on line 177
[29-Mar-2019 09:32:36 UTC] PHP Parse error:  syntax error, unexpected end of file in /Applications/MAMP/htdocs/sample2/index.php on line 177
[29-Mar-2019 09:32:37 UTC] PHP Parse error:  syntax error, unexpected end of file in /Applications/MAMP/htdocs/sample2/index.php on line 177
[29-Mar-2019 09:36:45 UTC] PHP Fatal error:  Uncaught Error: Undefined class constant 'ATTR_DEFAULT_FETCE_MODE' in /Applications/MAMP/htdocs/sample2/index.php:79
Stack trace:
#0 {main}
  thrown in /Applications/MAMP/htdocs/sample2/index.php on line 79
[30-Mar-2019 23:01:42 UTC] PHP Parse error:  syntax error, unexpected '}', expecting end of file in /Applications/MAMP/htdocs/sample3/login.php on line 58
[30-Mar-2019 23:01:44 UTC] PHP Parse error:  syntax error, unexpected '}', expecting end of file in /Applications/MAMP/htdocs/sample3/login.php on line 58
[30-Mar-2019 23:01:45 UTC] PHP Parse error:  syntax error, unexpected '}', expecting end of file in /Applications/MAMP/htdocs/sample3/login.php on line 58
[30-Mar-2019 23:02:14 UTC] PHP Parse error:  syntax error, unexpected '}', expecting end of file in /Applications/MAMP/htdocs/sample3/login.php on line 58
[30-Mar-2019 23:02:15 UTC] PHP Parse error:  syntax error, unexpected '}', expecting end of file in /Applications/MAMP/htdocs/sample3/login.php on line 58
[30-Mar-2019 23:02:15 UTC] PHP Parse error:  syntax error, unexpected '}', expecting end of file in /Applications/MAMP/htdocs/sample3/login.php on line 58
[30-Mar-2019 23:02:15 UTC] PHP Parse error:  syntax error, unexpected '}', expecting end of file in /Applications/MAMP/htdocs/sample3/login.php on line 58
[30-Mar-2019 23:02:16 UTC] PHP Parse error:  syntax error, unexpected '}', expecting end of file in /Applications/MAMP/htdocs/sample3/login.php on line 58
[30-Mar-2019 23:02:16 UTC] PHP Parse error:  syntax error, unexpected '}', expecting end of file in /Applications/MAMP/htdocs/sample3/login.php on line 58
[30-Mar-2019 23:02:16 UTC] PHP Parse error:  syntax error, unexpected '}', expecting end of file in /Applications/MAMP/htdocs/sample3/login.php on line 58
[30-Mar-2019 23:03:48 UTC] PHP Parse error:  syntax error, unexpected '}', expecting end of file in /Applications/MAMP/htdocs/sample3/login.php on line 58
[30-Mar-2019 23:03:51 UTC] PHP Parse error:  syntax error, unexpected '}', expecting end of file in /Applications/MAMP/htdocs/sample3/login.php on line 58
[30-Mar-2019 23:03:52 UTC] PHP Parse error:  syntax error, unexpected '}', expecting end of file in /Applications/MAMP/htdocs/sample3/login.php on line 58
[30-Mar-2019 23:03:52 UTC] PHP Parse error:  syntax error, unexpected '}', expecting end of file in /Applications/MAMP/htdocs/sample3/login.php on line 58
[30-Mar-2019 23:03:52 UTC] PHP Parse error:  syntax error, unexpected '}', expecting end of file in /Applications/MAMP/htdocs/sample3/login.php on line 58
[30-Mar-2019 23:03:52 UTC] PHP Parse error:  syntax error, unexpected '}', expecting end of file in /Applications/MAMP/htdocs/sample3/login.php on line 58
[30-Mar-2019 23:03:52 UTC] PHP Parse error:  syntax error, unexpected '}', expecting end of file in /Applications/MAMP/htdocs/sample3/login.php on line 58
[30-Mar-2019 23:03:53 UTC] PHP Parse error:  syntax error, unexpected '}', expecting end of file in /Applications/MAMP/htdocs/sample3/login.php on line 58
[30-Mar-2019 23:03:53 UTC] PHP Parse error:  syntax error, unexpected '}', expecting end of file in /Applications/MAMP/htdocs/sample3/login.php on line 58
[30-Mar-2019 23:03:53 UTC] PHP Parse error:  syntax error, unexpected '}', expecting end of file in /Applications/MAMP/htdocs/sample3/login.php on line 58
[30-Mar-2019 23:03:54 UTC] PHP Parse error:  syntax error, unexpected '}', expecting end of file in /Applications/MAMP/htdocs/sample3/login.php on line 58
[30-Mar-2019 23:03:54 UTC] PHP Parse error:  syntax error, unexpected '}', expecting end of file in /Applications/MAMP/htdocs/sample3/login.php on line 58
[30-Mar-2019 23:03:54 UTC] PHP Parse error:  syntax error, unexpected '}', expecting end of file in /Applications/MAMP/htdocs/sample3/login.php on line 58
[30-Mar-2019 23:03:54 UTC] PHP Parse error:  syntax error, unexpected '}', expecting end of file in /Applications/MAMP/htdocs/sample3/login.php on line 58
[30-Mar-2019 23:04:49 UTC] PHP Parse error:  syntax error, unexpected '}', expecting end of file in /Applications/MAMP/htdocs/sample3/login.php on line 58
[01-Apr-2019 21:20:38 UTC] PHP Parse error:  syntax error, unexpected 'echo' (T_ECHO) in /Applications/MAMP/htdocs/sample4/index.php on line 96
[01-Apr-2019 21:21:06 UTC] PHP Parse error:  syntax error, unexpected 'echo' (T_ECHO) in /Applications/MAMP/htdocs/sample4/index.php on line 96
[01-Apr-2019 21:21:07 UTC] PHP Parse error:  syntax error, unexpected 'echo' (T_ECHO) in /Applications/MAMP/htdocs/sample4/index.php on line 96
[01-Apr-2019 21:33:01 UTC] PHP Parse error:  syntax error, unexpected 'else' (T_ELSE) in /Applications/MAMP/htdocs/sample4/mail.php on line 26
[01-Apr-2019 21:33:09 UTC] PHP Parse error:  syntax error, unexpected 'else' (T_ELSE) in /Applications/MAMP/htdocs/sample4/mail.php on line 26
[02-Apr-2019 20:40:27 UTC] PHP Notice:  Undefined index: imp_name in /Applications/MAMP/htdocs/sample5/upload.php on line 16
[01-May-2019 15:20:44 UTC] PHP Parse error:  syntax error, unexpected end of file in /Applications/MAMP/htdocs/html+js+php/thecoffee/login.php on line 134
[01-May-2019 15:20:50 UTC] PHP Parse error:  syntax error, unexpected end of file in /Applications/MAMP/htdocs/html+js+php/thecoffee/login.php on line 134
[01-May-2019 15:20:55 UTC] PHP Parse error:  syntax error, unexpected end of file in /Applications/MAMP/htdocs/html+js+php/thecoffee/login.php on line 134
[02-May-2019 10:07:08 UTC] PHP Parse error:  syntax error, unexpected 'form' (T_STRING) in /Applications/MAMP/htdocs/html+js+php/thecoffee/login.php on line 108
[02-May-2019 10:07:26 UTC] PHP Parse error:  syntax error, unexpected 'form' (T_STRING) in /Applications/MAMP/htdocs/html+js+php/thecoffee/login.php on line 108
[02-May-2019 10:07:31 UTC] PHP Parse error:  syntax error, unexpected 'form' (T_STRING) in /Applications/MAMP/htdocs/html+js+php/thecoffee/login.php on line 108
[02-May-2019 10:08:17 UTC] PHP Parse error:  syntax error, unexpected 'form' (T_STRING) in /Applications/MAMP/htdocs/html+js+php/thecoffee/login.php on line 108
[03-May-2019 13:04:52 UTC] PHP Fatal error:  Uncaught PDOException: SQLSTATE[HY000]: General error in /Applications/MAMP/htdocs/html+js+php/thecoffee/login.php:89
Stack trace:
#0 /Applications/MAMP/htdocs/html+js+php/thecoffee/login.php(89): PDOStatement->fetch(2)
#1 {main}
  thrown in /Applications/MAMP/htdocs/html+js+php/thecoffee/login.php on line 89
[03-May-2019 13:06:55 UTC] PHP Fatal error:  Uncaught PDOException: SQLSTATE[HY000]: General error in /Applications/MAMP/htdocs/html+js+php/thecoffee/login.php:89
Stack trace:
#0 /Applications/MAMP/htdocs/html+js+php/thecoffee/login.php(89): PDOStatement->fetch(2)
#1 {main}
  thrown in /Applications/MAMP/htdocs/html+js+php/thecoffee/login.php on line 89
[03-May-2019 13:07:51 UTC] PHP Fatal error:  Uncaught PDOException: SQLSTATE[HY000]: General error in /Applications/MAMP/htdocs/html+js+php/thecoffee/login.php:89
Stack trace:
#0 /Applications/MAMP/htdocs/html+js+php/thecoffee/login.php(89): PDOStatement->fetch(2)
#1 {main}
  thrown in /Applications/MAMP/htdocs/html+js+php/thecoffee/login.php on line 89
[03-May-2019 14:10:49 UTC] PHP Fatal error:  Uncaught PDOException: SQLSTATE[HY000]: General error in /Applications/MAMP/htdocs/html+js+php/thecoffee/login.php:89
Stack trace:
#0 /Applications/MAMP/htdocs/html+js+php/thecoffee/login.php(89): PDOStatement->fetch(2)
#1 {main}
  thrown in /Applications/MAMP/htdocs/html+js+php/thecoffee/login.php on line 89
[03-May-2019 14:11:02 UTC] PHP Fatal error:  Uncaught PDOException: SQLSTATE[HY000]: General error in /Applications/MAMP/htdocs/html+js+php/thecoffee/login.php:89
Stack trace:
#0 /Applications/MAMP/htdocs/html+js+php/thecoffee/login.php(89): PDOStatement->fetch(2)
#1 {main}
  thrown in /Applications/MAMP/htdocs/html+js+php/thecoffee/login.php on line 89
[03-May-2019 14:11:05 UTC] PHP Fatal error:  Uncaught PDOException: SQLSTATE[HY000]: General error in /Applications/MAMP/htdocs/html+js+php/thecoffee/login.php:89
Stack trace:
#0 /Applications/MAMP/htdocs/html+js+php/thecoffee/login.php(89): PDOStatement->fetch(2)
#1 {main}
  thrown in /Applications/MAMP/htdocs/html+js+php/thecoffee/login.php on line 89
[03-May-2019 14:14:00 UTC] PHP Fatal error:  Uncaught PDOException: SQLSTATE[HY000]: General error in /Applications/MAMP/htdocs/html+js+php/thecoffee/login.php:89
Stack trace:
#0 /Applications/MAMP/htdocs/html+js+php/thecoffee/login.php(89): PDOStatement->fetch(2)
#1 {main}
  thrown in /Applications/MAMP/htdocs/html+js+php/thecoffee/login.php on line 89
[03-May-2019 14:14:23 UTC] PHP Fatal error:  Uncaught PDOException: SQLSTATE[HY000]: General error in /Applications/MAMP/htdocs/html+js+php/thecoffee/login.php:89
Stack trace:
#0 /Applications/MAMP/htdocs/html+js+php/thecoffee/login.php(89): PDOStatement->fetch(2)
#1 {main}
  thrown in /Applications/MAMP/htdocs/html+js+php/thecoffee/login.php on line 89
[03-May-2019 14:18:12 UTC] PHP Fatal error:  Uncaught PDOException: SQLSTATE[HY000] [1045] Access denied for user 'root'@'localhost' (using password: NO) in /Applications/MAMP/htdocs/html+js+php/thecoffee/login.php:79
Stack trace:
#0 /Applications/MAMP/htdocs/html+js+php/thecoffee/login.php(79): PDO->__construct('mysql:dbname=th...', 'root', '', Array)
#1 {main}
  thrown in /Applications/MAMP/htdocs/html+js+php/thecoffee/login.php on line 79
[03-May-2019 14:18:48 UTC] PHP Fatal error:  Uncaught PDOException: SQLSTATE[HY000]: General error in /Applications/MAMP/htdocs/html+js+php/thecoffee/login.php:89
Stack trace:
#0 /Applications/MAMP/htdocs/html+js+php/thecoffee/login.php(89): PDOStatement->fetch(2)
#1 {main}
  thrown in /Applications/MAMP/htdocs/html+js+php/thecoffee/login.php on line 89
[03-May-2019 14:29:13 UTC] PHP Notice:  Undefined variable: pass_retype in /Applications/MAMP/htdocs/html+js+php/thecoffee/login.php on line 85
[03-May-2019 14:29:13 UTC] PHP Fatal error:  Uncaught PDOException: SQLSTATE[23000]: Integrity constraint violation: 1048 Column 'pass_retype' cannot be null in /Applications/MAMP/htdocs/html+js+php/thecoffee/login.php:85
Stack trace:
#0 /Applications/MAMP/htdocs/html+js+php/thecoffee/login.php(85): PDOStatement->execute(Array)
#1 {main}
  thrown in /Applications/MAMP/htdocs/html+js+php/thecoffee/login.php on line 85
[03-May-2019 14:32:25 UTC] PHP Fatal error:  Uncaught PDOException: SQLSTATE[HY000]: General error in /Applications/MAMP/htdocs/html+js+php/thecoffee/login.php:89
Stack trace:
#0 /Applications/MAMP/htdocs/html+js+php/thecoffee/login.php(89): PDOStatement->fetch(2)
#1 {main}
  thrown in /Applications/MAMP/htdocs/html+js+php/thecoffee/login.php on line 89
[19-May-2019 22:05:22 UTC] PHP Fatal error:  Can't use function return value in write context in /Applications/MAMP/htdocs/webservice_practice04/signup.php on line 57
[20-May-2019 11:56:36 UTC] PHP Fatal error:  Can't use function return value in write context in /Applications/MAMP/htdocs/webservice_practice04/signup.php on line 57
[27-May-2019 02:19:23 UTC] PHP Warning:  POST Content-Length of 11499469 bytes exceeds the limit of 8388608 bytes in Unknown on line 0
[04-Jul-2019 04:15:22 UTC] PHP Parse error:  syntax error, unexpected 'function' (T_FUNCTION) in /Applications/MAMP/htdocs/portfolio/mywebservice/signup.php on line 68
[04-Jul-2019 04:15:24 UTC] PHP Parse error:  syntax error, unexpected 'function' (T_FUNCTION) in /Applications/MAMP/htdocs/portfolio/mywebservice/signup.php on line 68
[04-Jul-2019 04:15:24 UTC] PHP Parse error:  syntax error, unexpected 'function' (T_FUNCTION) in /Applications/MAMP/htdocs/portfolio/mywebservice/signup.php on line 68
[04-Jul-2019 04:15:50 UTC] PHP Parse error:  syntax error, unexpected 'function' (T_FUNCTION) in /Applications/MAMP/htdocs/portfolio/mywebservice/signup.php on line 68
[04-Jul-2019 04:15:50 UTC] PHP Parse error:  syntax error, unexpected 'function' (T_FUNCTION) in /Applications/MAMP/htdocs/portfolio/mywebservice/signup.php on line 68
[04-Jul-2019 04:15:50 UTC] PHP Parse error:  syntax error, unexpected 'function' (T_FUNCTION) in /Applications/MAMP/htdocs/portfolio/mywebservice/signup.php on line 68
[04-Jul-2019 04:17:04 UTC] PHP Parse error:  syntax error, unexpected 'function' (T_FUNCTION) in /Applications/MAMP/htdocs/portfolio/mywebservice/signup.php on line 68
[04-Jul-2019 04:18:05 UTC] PHP Fatal error:  Cannot redeclare validMatch() (previously declared in /Applications/MAMP/htdocs/portfolio/mywebservice/signup.php:61) in /Applications/MAMP/htdocs/portfolio/mywebservice/signup.php on line 73
[04-Jul-2019 04:18:06 UTC] PHP Fatal error:  Cannot redeclare validMatch() (previously declared in /Applications/MAMP/htdocs/portfolio/mywebservice/signup.php:61) in /Applications/MAMP/htdocs/portfolio/mywebservice/signup.php on line 73
[04-Jul-2019 04:18:06 UTC] PHP Fatal error:  Cannot redeclare validMatch() (previously declared in /Applications/MAMP/htdocs/portfolio/mywebservice/signup.php:61) in /Applications/MAMP/htdocs/portfolio/mywebservice/signup.php on line 73
